# JRE version: Java(TM) SE Runtime Environment (8.0_111-b14) (build 1.8.0_111-b14)
# Java VM: Java HotSpot(TM) 64-Bit Server VM (25.111-b14 mixed mode windows-amd64 compressed oops)
Heap:
 PSYoungGen      total 7680K, used 2174K [0x00000000feb00000, 0x00000000ffb00000, 0x0000000100000000)
  eden space 7168K, 28% used [0x00000000feb00000,0x00000000fecf7850,0x00000000ff200000)
  from space 512K, 31% used [0x00000000ff200000,0x00000000ff228000,0x00000000ff280000)
  to   space 4608K, 0% used [0x00000000ff680000,0x00000000ff680000,0x00000000ffb00000)
 ParOldGen       total 44032K, used 12879K [0x00000000fc000000, 0x00000000feb00000, 0x00000000feb00000)
  object space 44032K, 29% used [0x00000000fc000000,0x00000000fcc93f28,0x00000000feb00000)
 Metaspace       used 7907K, capacity 8130K, committed 8192K, reserved 1056768K
  class space    used 912K, capacity 989K, committed 1024K, reserved 1048576K
GC Heap History (10 events):
Event: 53.010 GC heap before
{Heap before GC invocations=18 (full 0):
 PSYoungGen      total 13824K, used 7296K [0x00000000feb00000, 0x00000000fff00000, 0x0000000100000000)
  eden space 7168K, 100% used [0x00000000feb00000,0x00000000ff200000,0x00000000ff200000)
  from space 6656K, 1% used [0x00000000ff200000,0x00000000ff220000,0x00000000ff880000)
  to   space 6656K, 0% used [0x00000000ff880000,0x00000000ff880000,0x00000000fff00000)
 ParOldGen       total 44032K, used 12559K [0x00000000fc000000, 0x00000000feb00000, 0x00000000feb00000)
  object space 44032K, 28% used [0x00000000fc000000,0x00000000fcc43f18,0x00000000feb00000)
 Metaspace       used 7898K, capacity 8066K, committed 8192K, reserved 1056768K
  class space    used 912K, capacity 989K, committed 1024K, reserved 1048576K
Event: 53.011 GC heap after
Heap after GC invocations=18 (full 0):
 PSYoungGen      total 12800K, used 272K [0x00000000feb00000, 0x00000000ffe00000, 0x0000000100000000)
  eden space 7168K, 0% used [0x00000000feb00000,0x00000000feb00000,0x00000000ff200000)
  from space 5632K, 4% used [0x00000000ff880000,0x00000000ff8c4010,0x00000000ffe00000)
  to   space 6144K, 0% used [0x00000000ff200000,0x00000000ff200000,0x00000000ff800000)
 ParOldGen       total 44032K, used 12599K [0x00000000fc000000, 0x00000000feb00000, 0x00000000feb00000)
  object space 44032K, 28% used [0x00000000fc000000,0x00000000fcc4df18,0x00000000feb00000)
 Metaspace       used 7898K, capacity 8066K, committed 8192K, reserved 1056768K
  class space    used 912K, capacity 989K, committed 1024K, reserved 1048576K
}
Event: 54.594 GC heap before
{Heap before GC invocations=19 (full 0):
 PSYoungGen      total 12800K, used 7440K [0x00000000feb00000, 0x00000000ffe00000, 0x0000000100000000)
  eden space 7168K, 100% used [0x00000000feb00000,0x00000000ff200000,0x00000000ff200000)
  from space 5632K, 4% used [0x00000000ff880000,0x00000000ff8c4010,0x00000000ffe00000)
  to   space 6144K, 0% used [0x00000000ff200000,0x00000000ff200000,0x00000000ff800000)
 ParOldGen       total 44032K, used 12599K [0x00000000fc000000, 0x00000000feb00000, 0x00000000feb00000)
  object space 44032K, 28% used [0x00000000fc000000,0x00000000fcc4df18,0x00000000feb00000)
 Metaspace       used 7898K, capacity 8066K, committed 8192K, reserved 1056768K
  class space    used 912K, capacity 989K, committed 1024K, reserved 1048576K
Event: 54.595 GC heap after
Heap after GC invocations=19 (full 0):
 PSYoungGen      total 13312K, used 160K [0x00000000feb00000, 0x00000000ffe00000, 0x0000000100000000)
  eden space 7168K, 0% used [0x00000000feb00000,0x00000000feb00000,0x00000000ff200000)
  from space 6144K, 2% used [0x00000000ff200000,0x00000000ff228000,0x00000000ff800000)
  to   space 6144K, 0% used [0x00000000ff800000,0x00000000ff800000,0x00000000ffe00000)
 ParOldGen       total 44032K, used 12647K [0x00000000fc000000, 0x00000000feb00000, 0x00000000feb00000)
  object space 44032K, 28% used [0x00000000fc000000,0x00000000fcc59f18,0x00000000feb00000)
 Metaspace       used 7898K, capacity 8066K, committed 8192K, reserved 1056768K
  class space    used 912K, capacity 989K, committed 1024K, reserved 1048576K
}
Event: 55.856 GC heap before
{Heap before GC invocations=20 (full 0):
 PSYoungGen      total 13312K, used 7328K [0x00000000feb00000, 0x00000000ffe00000, 0x0000000100000000)
  eden space 7168K, 100% used [0x00000000feb00000,0x00000000ff200000,0x00000000ff200000)
  from space 6144K, 2% used [0x00000000ff200000,0x00000000ff228000,0x00000000ff800000)
  to   space 6144K, 0% used [0x00000000ff800000,0x00000000ff800000,0x00000000ffe00000)
 ParOldGen       total 44032K, used 12647K [0x00000000fc000000, 0x00000000feb00000, 0x00000000feb00000)
  object space 44032K, 28% used [0x00000000fc000000,0x00000000fcc59f18,0x00000000feb00000)
 Metaspace       used 7898K, capacity 8066K, committed 8192K, reserved 1056768K
  class space    used 912K, capacity 989K, committed 1024K, reserved 1048576K
Event: 55.857 GC heap after
Heap after GC invocations=20 (full 0):
 PSYoungGen      total 12288K, used 192K [0x00000000feb00000, 0x00000000ffd00000, 0x0000000100000000)
  eden space 7168K, 0% used [0x00000000feb00000,0x00000000feb00000,0x00000000ff200000)
  from space 5120K, 3% used [0x00000000ff800000,0x00000000ff830000,0x00000000ffd00000)
  to   space 5632K, 0% used [0x00000000ff200000,0x00000000ff200000,0x00000000ff780000)
 ParOldGen       total 44032K, used 12727K [0x00000000fc000000, 0x00000000feb00000, 0x00000000feb00000)
  object space 44032K, 28% used [0x00000000fc000000,0x00000000fcc6df18,0x00000000feb00000)
 Metaspace       used 7898K, capacity 8066K, committed 8192K, reserved 1056768K
  class space    used 912K, capacity 989K, committed 1024K, reserved 1048576K
}
Event: 56.334 GC heap before
{Heap before GC invocations=21 (full 0):
 PSYoungGen      total 12288K, used 7360K [0x00000000feb00000, 0x00000000ffd00000, 0x0000000100000000)
  eden space 7168K, 100% used [0x00000000feb00000,0x00000000ff200000,0x00000000ff200000)
  from space 5120K, 3% used [0x00000000ff800000,0x00000000ff830000,0x00000000ffd00000)
  to   space 5632K, 0% used [0x00000000ff200000,0x00000000ff200000,0x00000000ff780000)
 ParOldGen       total 44032K, used 12727K [0x00000000fc000000, 0x00000000feb00000, 0x00000000feb00000)
  object space 44032K, 28% used [0x00000000fc000000,0x00000000fcc6df18,0x00000000feb00000)
 Metaspace       used 7906K, capacity 8130K, committed 8192K, reserved 1056768K
  class space    used 912K, capacity 989K, committed 1024K, reserved 1048576K
Event: 56.336 GC heap after
Heap after GC invocations=21 (full 0):
 PSYoungGen      total 7680K, used 245K [0x00000000feb00000, 0x00000000ffc00000, 0x0000000100000000)
  eden space 7168K, 0% used [0x00000000feb00000,0x00000000feb00000,0x00000000ff200000)
  from space 512K, 47% used [0x00000000ff200000,0x00000000ff23d638,0x00000000ff280000)
  to   space 5120K, 0% used [0x00000000ff700000,0x00000000ff700000,0x00000000ffc00000)
 ParOldGen       total 44032K, used 12759K [0x00000000fc000000, 0x00000000feb00000, 0x00000000feb00000)
  object space 44032K, 28% used [0x00000000fc000000,0x00000000fcc75f18,0x00000000feb00000)
 Metaspace       used 7906K, capacity 8130K, committed 8192K, reserved 1056768K
  class space    used 912K, capacity 989K, committed 1024K, reserved 1048576K
}
Event: 56.529 GC heap before
{Heap before GC invocations=22 (full 0):
 PSYoungGen      total 7680K, used 7413K [0x00000000feb00000, 0x00000000ffc00000, 0x0000000100000000)
  eden space 7168K, 100% used [0x00000000feb00000,0x00000000ff200000,0x00000000ff200000)
  from space 512K, 47% used [0x00000000ff200000,0x00000000ff23d638,0x00000000ff280000)
  to   space 5120K, 0% used [0x00000000ff700000,0x00000000ff700000,0x00000000ffc00000)
 ParOldGen       total 44032K, used 12759K [0x00000000fc000000, 0x00000000feb00000, 0x00000000feb00000)
  object space 44032K, 28% used [0x00000000fc000000,0x00000000fcc75f18,0x00000000feb00000)
 Metaspace       used 7906K, capacity 8130K, committed 8192K, reserved 1056768K
  class space    used 912K, capacity 989K, committed 1024K, reserved 1048576K
Event: 56.531 GC heap after
Heap after GC invocations=22 (full 0):
 PSYoungGen      total 12288K, used 160K [0x00000000feb00000, 0x00000000ffc00000, 0x0000000100000000)
  eden space 7168K, 0% used [0x00000000feb00000,0x00000000feb00000,0x00000000ff200000)
  from space 5120K, 3% used [0x00000000ff700000,0x00000000ff728000,0x00000000ffc00000)
  to   space 5120K, 0% used [0x00000000ff200000,0x00000000ff200000,0x00000000ff700000)
 ParOldGen       total 44032K, used 12839K [0x00000000fc000000, 0x00000000feb00000, 0x00000000feb00000)
  object space 44032K, 29% used [0x00000000fc000000,0x00000000fcc89f28,0x00000000feb00000)
 Metaspace       used 7906K, capacity 8130K, committed 8192K, reserved 1056768K
  class space    used 912K, capacity 989K, committed 1024K, reserved 1048576K
}

